5/27/2024, 9:19:14 PM:- Using Properties.
5/27/2024, 9:19:14 PM:- Found the Database KP45193.
5/27/2024, 9:19:14 PM:- Using KP45193.
5/27/2024, 9:19:14 PM:- User Found with the Mathching username KP45.
5/27/2024, 9:20:03 PM:- MySQL Database Connected!
5/27/2024, 9:20:09 PM:- MySQL Database Connected!
5/27/2024, 9:20:27 PM:- MySQL Database Connected!
5/27/2024, 9:20:35 PM:- MySQL Database Connected!
5/27/2024, 9:21:54 PM:- MySQL Database Connected!
5/27/2024, 9:22:03 PM:- MySQL Database Connected!
5/27/2024, 9:22:05 PM:- MySQL Database Connected!
5/27/2024, 9:22:14 PM:- MySQL Database Connected!
5/27/2024, 9:22:16 PM:- MySQL Database Connected!
5/27/2024, 9:29:56 PM:- MySQL Database Connected!
5/27/2024, 9:30:03 PM:- MySQL Database Connected!
5/27/2024, 9:30:18 PM:- MySQL Database Connected!
5/27/2024, 9:31:05 PM:- MySQL Database Connected!
5/27/2024, 9:31:32 PM:- MySQL Database Connected!
5/27/2024, 9:31:41 PM:- MySQL Database Connected!
5/27/2024, 9:31:43 PM:- MySQL Database Connected!
5/27/2024, 9:31:53 PM:- MySQL Database Connected!
5/27/2024, 9:32:16 PM:- MySQL Database Connected!
5/27/2024, 9:32:29 PM:- MySQL Database Connected!
5/27/2024, 9:32:40 PM:- MySQL Database Connected!
5/27/2024, 9:32:51 PM:- MySQL Database Connected!
5/27/2024, 9:32:57 PM:- MySQL Database Connected!
5/27/2024, 9:33:35 PM:- MySQL Database Connected!
5/27/2024, 9:33:47 PM:- MySQL Database Connected!
5/27/2024, 9:33:51 PM:- MySQL Database Connected!
5/27/2024, 9:34:04 PM:- MySQL Database Connected!
5/27/2024, 9:34:07 PM:- MySQL Database Connected!
5/27/2024, 9:34:18 PM:- MySQL Database Connected!
5/27/2024, 9:34:18 PM:- Using Properties.
5/27/2024, 9:34:18 PM:- Found the Database KP45193.
5/27/2024, 9:34:18 PM:- Using KP45193.
5/27/2024, 9:34:18 PM:- User Found with the Mathching username KP45.
5/27/2024, 9:35:01 PM:- MySQL Database Connected!
5/27/2024, 9:35:36 PM:- MySQL Database Connected!
5/27/2024, 9:35:39 PM:- MySQL Database Connected!
5/27/2024, 9:36:02 PM:- MySQL Database Connected!
5/27/2024, 9:36:09 PM:- MySQL Database Connected!
5/27/2024, 9:36:20 PM:- MySQL Database Connected!
5/27/2024, 9:36:29 PM:- MySQL Database Connected!
5/27/2024, 9:36:37 PM:- MySQL Database Connected!
5/27/2024, 9:36:57 PM:- MySQL Database Connected!
5/27/2024, 9:37:04 PM:- MySQL Database Connected!
5/27/2024, 9:37:11 PM:- MySQL Database Connected!
5/27/2024, 9:37:19 PM:- MySQL Database Connected!
5/27/2024, 9:37:25 PM:- MySQL Database Connected!
5/27/2024, 9:37:30 PM:- MySQL Database Connected!
5/27/2024, 9:37:43 PM:- MySQL Database Connected!
5/27/2024, 9:37:51 PM:- MySQL Database Connected!
5/27/2024, 9:38:03 PM:- MySQL Database Connected!
5/27/2024, 9:38:07 PM:- MySQL Database Connected!
5/27/2024, 9:38:14 PM:- MySQL Database Connected!
5/27/2024, 9:38:33 PM:- MySQL Database Connected!
5/27/2024, 9:39:10 PM:- MySQL Database Connected!
5/27/2024, 9:39:46 PM:- MySQL Database Connected!
5/27/2024, 9:39:58 PM:- MySQL Database Connected!
5/27/2024, 9:41:05 PM:- MySQL Database Connected!
5/27/2024, 9:41:07 PM:- MySQL Database Connected!
5/27/2024, 9:41:07 PM:- Using Properties.
5/27/2024, 9:41:07 PM:- Found the Database KP45193.
5/27/2024, 9:41:07 PM:- Using KP45193.
5/27/2024, 9:41:07 PM:- User Found with the Mathching username KP45.
5/27/2024, 9:41:42 PM:- MySQL Database Connected!
5/27/2024, 9:41:42 PM:- Using Properties.
5/27/2024, 9:41:42 PM:- Found the Database KP45193.
5/27/2024, 9:41:43 PM:- Using KP45193.
5/27/2024, 9:41:43 PM:- User Found with the Mathching username KP45.
5/27/2024, 9:41:55 PM:- MySQL Database Connected!
5/27/2024, 9:41:57 PM:- MySQL Database Connected!
5/27/2024, 9:41:57 PM:- Using Properties.
5/27/2024, 9:41:57 PM:- Found the Database KP45193.
5/27/2024, 9:41:57 PM:- Using KP45193.
5/27/2024, 9:41:57 PM:- User Found with the Mathching username KP45.
5/27/2024, 9:42:21 PM:- MySQL Database Connected!
5/27/2024, 9:42:21 PM:- Using Properties.
5/27/2024, 9:42:21 PM:- Found the Database KP45193.
5/27/2024, 9:42:21 PM:- Using KP45193.
5/27/2024, 9:42:21 PM:- User Found with the Mathching username KP45.
5/27/2024, 9:42:21 PM:- Using Properties.
5/27/2024, 9:42:21 PM:- Found the Database KP45193.
5/27/2024, 9:42:21 PM:- Using KP45193.
5/27/2024, 9:42:21 PM:- User Found with the Mathching username KP45.
5/27/2024, 9:43:17 PM:- MySQL Database Connected!
5/27/2024, 9:43:17 PM:- Using Properties.
5/27/2024, 9:43:17 PM:- Found the Database KP45193.
5/27/2024, 9:43:17 PM:- Using KP45193.
5/27/2024, 9:43:17 PM:- User Found with the Mathching username KP45.
5/27/2024, 9:43:31 PM:- MySQL Database Connected!
5/27/2024, 9:43:31 PM:- Using Properties.
5/27/2024, 9:43:31 PM:- Found the Database KP45193.
5/27/2024, 9:43:31 PM:- Using KP45193.
5/27/2024, 9:43:31 PM:- User Found with the Mathching username KP45.
5/27/2024, 9:44:09 PM:- MySQL Database Connected!
5/27/2024, 9:44:09 PM:- Using Properties.
5/27/2024, 9:44:09 PM:- Found the Database KP45193.
5/27/2024, 9:44:09 PM:- Using KP45193.
5/27/2024, 9:44:09 PM:- User Found with the Mathching username KP45.
5/27/2024, 9:44:19 PM:- MySQL Database Connected!
5/27/2024, 9:44:19 PM:- Using Properties.
5/27/2024, 9:44:19 PM:- Found the Database KP45193.
5/27/2024, 9:44:19 PM:- Using KP45193.
5/27/2024, 9:44:19 PM:- User Found with the Mathching username KP45.
5/27/2024, 9:44:52 PM:- MySQL Database Connected!
5/27/2024, 9:44:52 PM:- Using Properties.
5/27/2024, 9:44:52 PM:- Found the Database KP45193.
5/27/2024, 9:44:53 PM:- Using KP45193.
5/27/2024, 9:44:53 PM:- User Found with the Mathching username KP45.
5/27/2024, 9:45:02 PM:- MySQL Database Connected!
5/27/2024, 9:45:14 PM:- MySQL Database Connected!
5/27/2024, 9:45:14 PM:- Using Properties.
5/27/2024, 9:45:14 PM:- Found the Database KP45193.
5/27/2024, 9:45:14 PM:- Using KP45193.
5/27/2024, 9:45:14 PM:- User Found with the Mathching username KP45.
5/27/2024, 9:46:20 PM:- MySQL Database Connected!
5/27/2024, 9:46:20 PM:- Using Properties.
5/27/2024, 9:46:20 PM:- Found the Database KP45193.
5/27/2024, 9:46:20 PM:- Using KP45193.
5/27/2024, 9:46:20 PM:- User Found with the Mathching username KP45.
5/27/2024, 9:46:38 PM:- MySQL Database Connected!
5/27/2024, 9:46:43 PM:- MySQL Database Connected!
5/27/2024, 9:46:53 PM:- MySQL Database Connected!
5/27/2024, 9:46:59 PM:- MySQL Database Connected!
5/27/2024, 9:48:26 PM:- MySQL Database Connected!
5/27/2024, 9:48:33 PM:- MySQL Database Connected!
5/27/2024, 9:48:56 PM:- MySQL Database Connected!
5/27/2024, 9:49:07 PM:- MySQL Database Connected!
5/27/2024, 9:49:07 PM:- Using Properties.
5/27/2024, 9:49:07 PM:- Found the Database KP45193.
5/27/2024, 9:49:07 PM:- Using KP45193.
5/27/2024, 9:49:07 PM:- User Found with the Mathching username KP45.
5/27/2024, 9:49:35 PM:- MySQL Database Connected!
5/27/2024, 9:49:53 PM:- MySQL Database Connected!
5/27/2024, 9:49:53 PM:- Using Properties.
5/27/2024, 9:49:53 PM:- Found the Database KP45193.
5/27/2024, 9:49:53 PM:- Using KP45193.
5/27/2024, 9:49:53 PM:- User Found with the Mathching username KP45.
5/27/2024, 9:49:53 PM:- Using KP45193.
5/27/2024, 9:50:04 PM:- MySQL Database Connected!
5/27/2024, 9:50:04 PM:- Using Properties.
5/27/2024, 9:50:04 PM:- Found the Database KP45193.
5/27/2024, 9:50:04 PM:- Using KP45193.
5/27/2024, 9:50:04 PM:- User Found with the Mathching username KP45.
5/27/2024, 9:50:04 PM:- Using KP45193.
5/27/2024, 9:51:39 PM:- MySQL Database Connected!
5/27/2024, 9:51:53 PM:- MySQL Database Connected!
5/27/2024, 9:51:56 PM:- MySQL Database Connected!
5/27/2024, 9:52:09 PM:- MySQL Database Connected!
5/27/2024, 9:52:32 PM:- MySQL Database Connected!
5/27/2024, 9:52:37 PM:- MySQL Database Connected!
5/27/2024, 9:53:40 PM:- MySQL Database Connected!
5/27/2024, 9:54:26 PM:- MySQL Database Connected!
5/27/2024, 9:54:31 PM:- MySQL Database Connected!
5/27/2024, 9:54:42 PM:- MySQL Database Connected!
5/27/2024, 9:54:50 PM:- MySQL Database Connected!
5/27/2024, 9:55:04 PM:- MySQL Database Connected!
5/27/2024, 9:55:17 PM:- MySQL Database Connected!
5/27/2024, 9:55:28 PM:- MySQL Database Connected!
5/27/2024, 9:55:38 PM:- MySQL Database Connected!
5/27/2024, 9:55:42 PM:- MySQL Database Connected!
5/27/2024, 9:55:47 PM:- MySQL Database Connected!
5/27/2024, 9:55:49 PM:- MySQL Database Connected!
5/27/2024, 9:56:08 PM:- MySQL Database Connected!
5/27/2024, 9:56:08 PM:- Using Properties.
5/27/2024, 9:56:08 PM:- Found the Database KP45193.
5/27/2024, 9:56:08 PM:- Using KP45193.
5/27/2024, 9:56:08 PM:- User Found with the Mathching username KP45.
5/27/2024, 9:56:08 PM:- Using KP45193.
5/27/2024, 9:56:08 PM:- verification code: 777787 stored.
5/27/2024, 9:56:08 PM:- Using Properties.
5/27/2024, 9:56:08 PM:- Found the Database KP45193.
5/27/2024, 9:56:08 PM:- Using KP45193.
5/27/2024, 9:56:08 PM:- User Found with the Mathching username KP45.
5/27/2024, 9:56:08 PM:- Using KP45193.
5/27/2024, 9:56:08 PM:- verification code: 236159 stored.
5/27/2024, 9:56:08 PM:- Using Properties.
5/27/2024, 9:56:08 PM:- Found the Database KP45193.
5/27/2024, 9:56:08 PM:- Using KP45193.
5/27/2024, 9:56:08 PM:- User Found with the Mathching username KP45.
5/27/2024, 9:56:08 PM:- Using KP45193.
5/27/2024, 9:56:08 PM:- verification code: 722230 stored.
5/27/2024, 9:59:33 PM:- MySQL Database Connected!
5/27/2024, 9:59:33 PM:- Using Properties.
5/27/2024, 9:59:33 PM:- Found the Database KP45193.
5/27/2024, 9:59:34 PM:- Using KP45193.
5/27/2024, 9:59:34 PM:- User Found with the Mathching username KP45.
5/27/2024, 9:59:34 PM:- Using KP45193.
5/27/2024, 9:59:34 PM:- verification code: 797204 stored.
5/27/2024, 10:00:02 PM:- MySQL Database Connected!
5/27/2024, 10:00:02 PM:- Using Properties.
5/27/2024, 10:00:02 PM:- Found the Database KP45193.
5/27/2024, 10:00:03 PM:- Using KP45193.
5/27/2024, 10:00:03 PM:- User Found with the Mathching username KP45.
5/27/2024, 10:00:03 PM:- Using KP45193.
5/27/2024, 10:00:03 PM:- verification code: 671177 stored.
5/27/2024, 10:00:35 PM:- MySQL Database Connected!
5/27/2024, 10:01:01 PM:- MySQL Database Connected!
5/27/2024, 10:01:36 PM:- MySQL Database Connected!
5/27/2024, 10:01:48 PM:- MySQL Database Connected!
5/27/2024, 10:02:01 PM:- MySQL Database Connected!
5/27/2024, 10:03:00 PM:- MySQL Database Connected!
5/27/2024, 10:03:11 PM:- MySQL Database Connected!
5/27/2024, 10:03:11 PM:- Using Properties.
5/27/2024, 10:03:11 PM:- Found the Database KP45193.
5/27/2024, 10:03:11 PM:- Using KP45193.
5/27/2024, 10:03:11 PM:- User Found with the Mathching username KP45.
5/27/2024, 10:03:11 PM:- Using KP45193.
5/27/2024, 10:03:11 PM:- verification code: 502717 stored.
5/27/2024, 10:05:03 PM:- MySQL Database Connected!
5/27/2024, 10:05:06 PM:- MySQL Database Connected!
5/27/2024, 10:05:06 PM:- Using Properties.
5/27/2024, 10:05:06 PM:- Found the Database KP45193.
5/27/2024, 10:05:06 PM:- Using KP45193.
5/27/2024, 10:05:06 PM:- User Found with the Mathching username KP45.
5/27/2024, 10:05:06 PM:- Using KP45193.
5/27/2024, 10:05:06 PM:- verification code: 919097 stored.
5/27/2024, 10:05:06 PM:- Using Properties.
5/27/2024, 10:05:06 PM:- Found the Database KP45193.
5/27/2024, 10:05:06 PM:- Using KP45193.
5/27/2024, 10:05:06 PM:- User Found with the Mathching username KP45.
5/27/2024, 10:05:06 PM:- Using KP45193.
5/27/2024, 10:05:06 PM:- verification code: 625185 stored.
5/27/2024, 10:05:06 PM:- Using Properties.
5/27/2024, 10:05:06 PM:- Found the Database KP45193.
5/27/2024, 10:05:06 PM:- Using KP45193.
5/27/2024, 10:05:06 PM:- User Found with the Mathching username KP45.
5/27/2024, 10:05:06 PM:- Using KP45193.
5/27/2024, 10:05:06 PM:- verification code: 545483 stored.
5/27/2024, 10:05:06 PM:- Using Properties.
5/27/2024, 10:05:06 PM:- Found the Database KP45193.
5/27/2024, 10:05:06 PM:- Using KP45193.
5/27/2024, 10:05:06 PM:- User Found with the Mathching username KP45.
5/27/2024, 10:05:06 PM:- Using KP45193.
5/27/2024, 10:05:06 PM:- verification code: 220203 stored.
5/27/2024, 10:16:44 PM:- MySQL Database Connected!
5/27/2024, 10:17:14 PM:- MySQL Database Connected!
5/27/2024, 10:17:14 PM:- Using Properties.
5/27/2024, 10:17:14 PM:- Found the Database KP45193.
5/27/2024, 10:17:14 PM:- Using KP45193.
5/27/2024, 10:17:14 PM:- Using Properties.
5/27/2024, 10:17:14 PM:- Found the Database KP45193.
5/27/2024, 10:17:14 PM:- Using KP45193.
5/27/2024, 10:17:14 PM:- User Found with the Mathching username KP45.
5/27/2024, 10:17:14 PM:- Using KP45193.
5/27/2024, 10:17:14 PM:- verification code: 526626 stored.
5/27/2024, 10:19:10 PM:- MySQL Database Connected!
5/27/2024, 10:19:20 PM:- MySQL Database Connected!
5/27/2024, 10:19:20 PM:- Using Properties.
5/27/2024, 10:19:20 PM:- Found the Database KP45193.
5/27/2024, 10:19:20 PM:- Using KP45193.
5/27/2024, 10:19:20 PM:- User Found with the Mathching username KP45.
5/27/2024, 10:19:20 PM:- Using KP45193.
5/27/2024, 10:19:20 PM:- verification code: 665472 stored.
5/27/2024, 10:19:20 PM:- Using Properties.
5/27/2024, 10:19:20 PM:- Found the Database KP45193.
5/27/2024, 10:19:20 PM:- Using KP45193.
5/27/2024, 10:19:20 PM:- User Found with the Mathching username KP45.
5/27/2024, 10:19:20 PM:- Using KP45193.
5/27/2024, 10:19:20 PM:- verification code: 657224 stored.
5/27/2024, 10:20:31 PM:- MySQL Database Connected!
5/27/2024, 10:20:39 PM:- MySQL Database Connected!
5/27/2024, 10:20:42 PM:- MySQL Database Connected!
5/27/2024, 10:20:47 PM:- MySQL Database Connected!
5/27/2024, 10:21:20 PM:- MySQL Database Connected!
5/27/2024, 10:21:45 PM:- MySQL Database Connected!
5/27/2024, 10:21:56 PM:- MySQL Database Connected!
5/27/2024, 10:22:01 PM:- MySQL Database Connected!
5/27/2024, 10:22:41 PM:- MySQL Database Connected!
5/27/2024, 10:23:14 PM:- MySQL Database Connected!
5/27/2024, 10:23:55 PM:- MySQL Database Connected!
5/27/2024, 10:24:00 PM:- MySQL Database Connected!
5/27/2024, 10:24:19 PM:- MySQL Database Connected!
5/27/2024, 10:24:38 PM:- MySQL Database Connected!
5/27/2024, 10:24:41 PM:- MySQL Database Connected!
5/27/2024, 10:25:00 PM:- MySQL Database Connected!
5/27/2024, 10:25:07 PM:- MySQL Database Connected!
5/27/2024, 10:25:12 PM:- MySQL Database Connected!
5/27/2024, 10:25:16 PM:- MySQL Database Connected!
5/27/2024, 10:25:18 PM:- MySQL Database Connected!
5/27/2024, 10:25:25 PM:- MySQL Database Connected!
5/27/2024, 10:25:28 PM:- MySQL Database Connected!
5/27/2024, 10:25:34 PM:- MySQL Database Connected!
5/27/2024, 10:26:46 PM:- MySQL Database Connected!
5/27/2024, 10:26:52 PM:- MySQL Database Connected!
5/27/2024, 10:26:58 PM:- MySQL Database Connected!
5/27/2024, 10:27:12 PM:- MySQL Database Connected!
5/27/2024, 10:27:14 PM:- MySQL Database Connected!
5/27/2024, 10:28:18 PM:- MySQL Database Connected!
5/27/2024, 10:28:21 PM:- MySQL Database Connected!
5/27/2024, 10:28:30 PM:- MySQL Database Connected!
5/27/2024, 10:29:35 PM:- MySQL Database Connected!
5/27/2024, 10:29:41 PM:- MySQL Database Connected!
5/27/2024, 10:29:57 PM:- MySQL Database Connected!
5/27/2024, 10:30:18 PM:- MySQL Database Connected!
5/27/2024, 10:30:22 PM:- MySQL Database Connected!
5/27/2024, 10:30:32 PM:- MySQL Database Connected!
5/27/2024, 10:30:42 PM:- MySQL Database Connected!
5/27/2024, 10:30:52 PM:- MySQL Database Connected!
5/27/2024, 10:31:05 PM:- MySQL Database Connected!
5/27/2024, 10:31:10 PM:- MySQL Database Connected!
5/27/2024, 10:31:22 PM:- MySQL Database Connected!
5/27/2024, 10:31:41 PM:- MySQL Database Connected!
5/27/2024, 10:31:44 PM:- MySQL Database Connected!
5/27/2024, 10:31:52 PM:- MySQL Database Connected!
5/27/2024, 10:31:53 PM:- MySQL Database Connected!
5/27/2024, 10:32:28 PM:- MySQL Database Connected!
5/27/2024, 10:32:54 PM:- MySQL Database Connected!
5/27/2024, 10:35:23 PM:- MySQL Database Connected!
5/27/2024, 10:35:23 PM:- Using Properties.
5/27/2024, 10:35:23 PM:- Found the Database KP45193.
5/27/2024, 10:35:23 PM:- Using KP45193.
5/27/2024, 10:35:23 PM:- User Found with the Mathching username KP45.
5/27/2024, 10:35:23 PM:- Using KP45193.
5/27/2024, 10:35:23 PM:- verification code: 224855 stored.
5/27/2024, 10:36:19 PM:- MySQL Database Connected!
5/27/2024, 10:36:50 PM:- MySQL Database Connected!
5/27/2024, 10:37:30 PM:- MySQL Database Connected!
5/27/2024, 10:37:30 PM:- Error querying use database undefined.
5/27/2024, 10:37:49 PM:- MySQL Database Connected!
5/27/2024, 10:38:09 PM:- MySQL Database Connected!
5/27/2024, 10:38:38 PM:- MySQL Database Connected!
5/27/2024, 10:39:12 PM:- MySQL Database Connected!
5/27/2024, 10:39:35 PM:- MySQL Database Connected!
5/27/2024, 10:39:43 PM:- MySQL Database Connected!
5/27/2024, 10:39:59 PM:- MySQL Database Connected!
5/27/2024, 10:40:18 PM:- MySQL Database Connected!
5/27/2024, 10:40:25 PM:- MySQL Database Connected!
5/27/2024, 10:40:29 PM:- MySQL Database Connected!
5/27/2024, 10:40:57 PM:- MySQL Database Connected!
5/27/2024, 10:41:00 PM:- MySQL Database Connected!
5/27/2024, 10:41:29 PM:- MySQL Database Connected!
5/27/2024, 10:42:26 PM:- MySQL Database Connected!
5/27/2024, 10:42:28 PM:- MySQL Database Connected!
5/27/2024, 10:43:03 PM:- MySQL Database Connected!
5/27/2024, 10:43:19 PM:- MySQL Database Connected!
5/27/2024, 10:43:21 PM:- MySQL Database Connected!
5/27/2024, 10:43:29 PM:- MySQL Database Connected!
5/27/2024, 10:43:39 PM:- MySQL Database Connected!
5/27/2024, 10:43:42 PM:- MySQL Database Connected!
5/27/2024, 10:43:47 PM:- MySQL Database Connected!
5/27/2024, 10:44:06 PM:- MySQL Database Connected!
5/27/2024, 10:44:24 PM:- MySQL Database Connected!
5/27/2024, 10:44:46 PM:- MySQL Database Connected!
5/27/2024, 10:44:49 PM:- MySQL Database Connected!
5/27/2024, 10:45:20 PM:- MySQL Database Connected!
5/27/2024, 10:45:40 PM:- MySQL Database Connected!
5/27/2024, 10:46:02 PM:- MySQL Database Connected!
5/27/2024, 10:46:10 PM:- MySQL Database Connected!
5/27/2024, 10:46:16 PM:- MySQL Database Connected!
5/27/2024, 10:46:26 PM:- MySQL Database Connected!
5/27/2024, 10:47:09 PM:- MySQL Database Connected!
5/27/2024, 10:47:09 PM:- Using KP45193 .
5/27/2024, 10:47:21 PM:- MySQL Database Connected!
5/27/2024, 10:47:34 PM:- MySQL Database Connected!
5/27/2024, 10:47:50 PM:- MySQL Database Connected!
5/27/2024, 10:47:52 PM:- MySQL Database Connected!
5/27/2024, 10:48:06 PM:- MySQL Database Connected!
5/27/2024, 10:48:07 PM:- Using KP45193.
5/27/2024, 10:48:07 PM:- Using KP45193.
5/27/2024, 10:49:15 PM:- MySQL Database Connected!
5/27/2024, 10:49:22 PM:- MySQL Database Connected!
5/27/2024, 10:49:39 PM:- MySQL Database Connected!
5/27/2024, 10:49:56 PM:- MySQL Database Connected!
5/27/2024, 10:50:01 PM:- MySQL Database Connected!
5/27/2024, 10:50:04 PM:- MySQL Database Connected!
5/27/2024, 10:50:21 PM:- MySQL Database Connected!
5/27/2024, 10:50:24 PM:- MySQL Database Connected!
5/27/2024, 10:50:39 PM:- MySQL Database Connected!
5/27/2024, 10:50:46 PM:- MySQL Database Connected!
5/27/2024, 10:50:56 PM:- MySQL Database Connected!
5/27/2024, 10:50:57 PM:- MySQL Database Connected!
5/27/2024, 10:51:01 PM:- MySQL Database Connected!
5/27/2024, 10:51:06 PM:- MySQL Database Connected!
5/27/2024, 10:51:57 PM:- MySQL Database Connected!
5/27/2024, 10:52:04 PM:- MySQL Database Connected!
5/27/2024, 10:52:05 PM:- MySQL Database Connected!
5/27/2024, 10:52:22 PM:- MySQL Database Connected!
5/27/2024, 10:52:30 PM:- MySQL Database Connected!
5/27/2024, 10:53:05 PM:- MySQL Database Connected!
5/27/2024, 10:53:08 PM:- MySQL Database Connected!
5/27/2024, 10:53:12 PM:- MySQL Database Connected!
5/27/2024, 10:53:13 PM:- MySQL Database Connected!
5/27/2024, 10:53:13 PM:- Using KP45193.
5/27/2024, 10:53:13 PM:- Code Found.
5/27/2024, 10:53:13 PM:- Using KP45193.
5/27/2024, 10:53:13 PM:- Code Found.
5/27/2024, 10:53:13 PM:- Using KP45193.
5/27/2024, 10:53:13 PM:- Code Found.
5/27/2024, 10:54:13 PM:- MySQL Database Connected!
5/27/2024, 10:54:13 PM:- Using KP45193.
5/27/2024, 10:54:13 PM:- Code Found.
5/27/2024, 10:54:37 PM:- MySQL Database Connected!
5/27/2024, 10:54:37 PM:- Using KP45193.
5/27/2024, 10:54:37 PM:- Code Found.
5/27/2024, 10:54:48 PM:- MySQL Database Connected!
5/27/2024, 10:54:48 PM:- Using KP45193.
5/27/2024, 10:54:48 PM:- Code Found.
5/27/2024, 10:55:10 PM:- MySQL Database Connected!
5/27/2024, 10:55:10 PM:- Using KP45193.
5/27/2024, 10:55:10 PM:- Code Found.
5/27/2024, 10:55:54 PM:- MySQL Database Connected!
5/27/2024, 10:55:59 PM:- MySQL Database Connected!
5/27/2024, 10:56:02 PM:- MySQL Database Connected!
5/27/2024, 10:56:02 PM:- Using KP45193.
5/27/2024, 10:56:02 PM:- Code Found.
5/27/2024, 10:56:20 PM:- MySQL Database Connected!
5/27/2024, 10:56:20 PM:- Using KP45193.
5/27/2024, 10:56:20 PM:- Code Found.
5/27/2024, 10:56:34 PM:- MySQL Database Connected!
5/27/2024, 10:56:39 PM:- MySQL Database Connected!
5/27/2024, 10:56:41 PM:- MySQL Database Connected!
5/27/2024, 10:56:54 PM:- MySQL Database Connected!
5/27/2024, 10:56:54 PM:- Using KP45193.
5/27/2024, 10:56:54 PM:- User Verified Code.
5/27/2024, 10:58:11 PM:- MySQL Database Connected!
5/27/2024, 10:58:40 PM:- MySQL Database Connected!
5/27/2024, 10:58:44 PM:- MySQL Database Connected!
5/27/2024, 10:58:56 PM:- MySQL Database Connected!
5/27/2024, 10:59:00 PM:- MySQL Database Connected!
5/27/2024, 10:59:05 PM:- MySQL Database Connected!
5/27/2024, 10:59:12 PM:- MySQL Database Connected!
5/27/2024, 10:59:13 PM:- MySQL Database Connected!
5/27/2024, 10:59:16 PM:- MySQL Database Connected!
5/27/2024, 10:59:28 PM:- MySQL Database Connected!
5/27/2024, 10:59:28 PM:- Using KP45193.
5/27/2024, 10:59:28 PM:- User Verified Code.
5/27/2024, 10:59:28 PM:- Using Properties.
5/27/2024, 10:59:28 PM:- Found the Database KP45193.
5/27/2024, 10:59:28 PM:- Using KP45193.
5/27/2024, 10:59:28 PM:- Using Properties.
5/27/2024, 10:59:28 PM:- Found the Database KP45193.
5/27/2024, 10:59:28 PM:- Using KP45193.
5/27/2024, 10:59:28 PM:- User Found with the Mathching username KP45.
5/27/2024, 10:59:28 PM:- Using KP45193.
5/27/2024, 10:59:28 PM:- verification code: 382666 stored.
5/27/2024, 10:59:28 PM:- Using KP45193.
5/27/2024, 10:59:28 PM:- User Verified Code.
5/27/2024, 11:00:23 PM:- MySQL Database Connected!
5/27/2024, 11:00:28 PM:- MySQL Database Connected!
5/27/2024, 11:00:31 PM:- MySQL Database Connected!
5/27/2024, 11:00:31 PM:- Using Properties.
5/27/2024, 11:00:31 PM:- Found the Database KP45193.
5/27/2024, 11:00:31 PM:- Using KP45193.
5/27/2024, 11:00:31 PM:- User Found with the Mathching username KP45.
5/27/2024, 11:00:31 PM:- Using KP45193.
5/27/2024, 11:00:31 PM:- verification code: 297158 stored.
5/27/2024, 11:00:31 PM:- Using KP45193.
5/27/2024, 11:00:31 PM:- User Verified Code.
5/27/2024, 11:00:31 PM:- Using KP45193.
5/27/2024, 11:00:31 PM:- Using KP45193.
5/27/2024, 11:00:31 PM:- Using KP45193.
5/27/2024, 11:00:31 PM:- Using KP45193.
5/27/2024, 11:02:26 PM:- MySQL Database Connected!
5/27/2024, 11:02:35 PM:- MySQL Database Connected!
5/27/2024, 11:02:35 PM:- Using KP45193.
5/27/2024, 11:03:21 PM:- MySQL Database Connected!
5/27/2024, 11:03:26 PM:- MySQL Database Connected!
5/27/2024, 11:03:26 PM:- Using Properties.
5/27/2024, 11:03:26 PM:- Found the Database KP45193.
5/27/2024, 11:03:26 PM:- Using KP45193.
5/27/2024, 11:03:26 PM:- User Found with the Mathching username KP45.
5/27/2024, 11:03:26 PM:- Using KP45193.
5/27/2024, 11:03:26 PM:- verification code: 375882 stored.
5/27/2024, 11:03:26 PM:- Using KP45193.
5/27/2024, 11:03:26 PM:- User Verified Code.
5/27/2024, 11:03:26 PM:- Using KP45193.
5/27/2024, 11:03:26 PM:- Using Properties.
5/27/2024, 11:03:26 PM:- Found the Database KP45193.
5/27/2024, 11:03:26 PM:- Using KP45193.
5/27/2024, 11:03:26 PM:- User Found with the Mathching username KP45.
5/27/2024, 11:03:26 PM:- Using KP45193.
5/27/2024, 11:03:26 PM:- verification code: 186098 stored.
5/27/2024, 11:03:26 PM:- Using KP45193.
5/27/2024, 11:03:26 PM:- User Verified Code.
5/27/2024, 11:08:55 PM:- MySQL Database Connected!
5/27/2024, 11:09:15 PM:- MySQL Database Connected!
5/27/2024, 11:09:34 PM:- MySQL Database Connected!
5/27/2024, 11:09:34 PM:- Using Properties.
5/27/2024, 11:09:34 PM:- Found the Database KP45193.
5/27/2024, 11:09:34 PM:- Using KP45193.
5/27/2024, 11:09:34 PM:- User Found with the Mathching username KP45.
5/27/2024, 11:09:34 PM:- Using KP45193.
5/27/2024, 11:09:34 PM:- verification code: 122859 stored.
5/27/2024, 11:09:34 PM:- Using KP45193.
5/27/2024, 11:09:34 PM:- User Verified Code.
5/27/2024, 11:10:26 PM:- MySQL Database Connected!
5/27/2024, 11:10:45 PM:- MySQL Database Connected!
5/27/2024, 11:10:45 PM:- Using Properties.
5/27/2024, 11:10:45 PM:- Found the Database KP45193.
5/27/2024, 11:10:45 PM:- Using KP45193.
5/27/2024, 11:10:45 PM:- User Found with the Mathching username KP45.
5/27/2024, 11:10:45 PM:- Using KP45193.
5/27/2024, 11:10:45 PM:- verification code: 136739 stored.
5/27/2024, 11:10:45 PM:- Using KP45193.
5/27/2024, 11:10:45 PM:- User Verified Code.
5/27/2024, 11:11:48 PM:- MySQL Database Connected!
5/27/2024, 11:11:48 PM:- Using Properties.
5/27/2024, 11:11:48 PM:- Found the Database KP45193.
5/27/2024, 11:11:49 PM:- Using KP45193.
5/27/2024, 11:11:49 PM:- User Found with the Mathching username KP45.
5/27/2024, 11:11:49 PM:- Using KP45193.
5/27/2024, 11:11:49 PM:- verification code: 371243 stored.
5/27/2024, 11:11:49 PM:- Using KP45193.
5/27/2024, 11:11:49 PM:- User Verified Code.
5/27/2024, 11:12:46 PM:- MySQL Database Connected!
5/27/2024, 11:13:11 PM:- MySQL Database Connected!
5/27/2024, 11:13:13 PM:- MySQL Database Connected!
5/28/2024, 5:37:41 PM:- MySQL Database Connected!
5/28/2024, 5:40:55 PM:- MySQL Database Connected!
5/28/2024, 5:41:36 PM:- MySQL Database Connected!
5/28/2024, 5:42:05 PM:- MySQL Database Connected!
5/28/2024, 5:42:09 PM:- MySQL Database Connected!
5/28/2024, 5:42:15 PM:- MySQL Database Connected!
5/28/2024, 5:42:22 PM:- MySQL Database Connected!
5/28/2024, 5:42:22 PM:- Using Properties.
5/28/2024, 5:42:22 PM:- Found the Database KP45193.
5/28/2024, 5:42:23 PM:- Using KP45193.
5/28/2024, 5:42:23 PM:- User Found with the Mathching username KP45.
5/28/2024, 5:42:23 PM:- Using KP45193.
5/28/2024, 5:42:23 PM:- verification code: 387550 stored.
5/28/2024, 5:43:23 PM:- MySQL Database Connected!
5/28/2024, 5:43:23 PM:- Using Properties.
5/28/2024, 5:43:23 PM:- Found the Database KP45193.
5/28/2024, 5:43:23 PM:- Using KP45193.
5/28/2024, 5:43:23 PM:- User Found with the Mathching username KP45.
5/28/2024, 5:43:23 PM:- Using KP45193.
5/28/2024, 5:43:23 PM:- verification code: 653500 stored.
5/28/2024, 5:45:08 PM:- MySQL Database Connected!
5/28/2024, 5:45:08 PM:- Using KP45193.
5/28/2024, 5:45:08 PM:- User Verified Code.
5/28/2024, 5:45:42 PM:- MySQL Database Connected!
5/28/2024, 5:45:55 PM:- MySQL Database Connected!
5/28/2024, 5:46:13 PM:- MySQL Database Connected!
5/28/2024, 5:46:14 PM:- MySQL Database Connected!
5/28/2024, 5:55:28 PM:- MySQL Database Connected!
5/28/2024, 5:55:38 PM:- MySQL Database Connected!
5/28/2024, 5:55:39 PM:- MySQL Database Connected!
5/28/2024, 5:55:39 PM:- Using Properties.
5/28/2024, 5:55:39 PM:- Found the Database KP45193.
5/28/2024, 5:55:39 PM:- Using KP45193.
5/28/2024, 5:55:39 PM:- User Found with the Mathching username KP45.
5/28/2024, 5:55:39 PM:- Using KP45193.
5/28/2024, 5:55:39 PM:- verification code: 744805 stored.
5/28/2024, 5:55:39 PM:- Using KP45193.
5/28/2024, 5:55:39 PM:- User Verified Code.
5/28/2024, 5:57:05 PM:- MySQL Database Connected!
5/28/2024, 5:57:15 PM:- MySQL Database Connected!
5/28/2024, 5:57:15 PM:- Using Properties.
5/28/2024, 5:57:15 PM:- Found the Database KP45193.
5/28/2024, 5:57:15 PM:- Using KP45193.
5/28/2024, 5:57:15 PM:- User Found with the Mathching username KP45.
5/28/2024, 5:57:15 PM:- Using KP45193.
5/28/2024, 5:57:15 PM:- verification code: 780531 stored.
5/28/2024, 5:57:15 PM:- Using KP45193.
5/28/2024, 5:57:15 PM:- User Verified Code.
5/28/2024, 5:57:59 PM:- MySQL Database Connected!
5/28/2024, 5:58:19 PM:- MySQL Database Connected!
5/28/2024, 5:58:45 PM:- MySQL Database Connected!
5/28/2024, 5:58:52 PM:- MySQL Database Connected!
5/28/2024, 5:59:05 PM:- MySQL Database Connected!
5/28/2024, 5:59:05 PM:- Using Properties.
5/28/2024, 5:59:05 PM:- Found the Database KP45193.
5/28/2024, 5:59:05 PM:- Using KP45193.
5/28/2024, 5:59:05 PM:- User Found with the Mathching username KP45.
5/28/2024, 5:59:05 PM:- Using KP45193.
5/28/2024, 5:59:05 PM:- verification code: 464165 stored.
5/28/2024, 5:59:37 PM:- MySQL Database Connected!
5/28/2024, 5:59:41 PM:- MySQL Database Connected!
5/28/2024, 5:59:41 PM:- Using KP45193.
5/28/2024, 5:59:41 PM:- User Verified Code.
5/28/2024, 5:59:41 PM:- Using Properties.
5/28/2024, 5:59:41 PM:- Found the Database KP45193.
5/28/2024, 5:59:41 PM:- Using KP45193.
5/28/2024, 5:59:41 PM:- User Found with the Mathching username KP45.
5/28/2024, 5:59:41 PM:- Using KP45193.
5/28/2024, 5:59:41 PM:- verification code: 681613 stored.
5/28/2024, 6:01:53 PM:- MySQL Database Connected!
5/28/2024, 6:01:58 PM:- MySQL Database Connected!
5/28/2024, 6:02:08 PM:- MySQL Database Connected!
5/28/2024, 6:02:59 PM:- MySQL Database Connected!
5/28/2024, 6:03:35 PM:- MySQL Database Connected!
5/28/2024, 6:03:36 PM:- MySQL Database Connected!
5/28/2024, 6:07:02 PM:- MySQL Database Connected!
5/28/2024, 6:07:15 PM:- MySQL Database Connected!
5/28/2024, 6:10:37 PM:- MySQL Database Connected!
5/28/2024, 6:11:13 PM:- MySQL Database Connected!
5/28/2024, 6:11:17 PM:- MySQL Database Connected!
5/28/2024, 6:11:50 PM:- MySQL Database Connected!
5/28/2024, 6:12:03 PM:- MySQL Database Connected!
5/28/2024, 6:12:14 PM:- MySQL Database Connected!
5/28/2024, 6:14:39 PM:- MySQL Database Connected!
5/28/2024, 6:14:46 PM:- MySQL Database Connected!
5/28/2024, 6:14:52 PM:- MySQL Database Connected!
5/28/2024, 6:14:57 PM:- MySQL Database Connected!
5/28/2024, 6:28:24 PM:- MySQL Database Connected!
5/28/2024, 6:29:09 PM:- MySQL Database Connected!
5/28/2024, 6:29:15 PM:- MySQL Database Connected!
5/28/2024, 6:29:24 PM:- MySQL Database Connected!
5/28/2024, 6:29:54 PM:- MySQL Database Connected!
5/28/2024, 6:31:31 PM:- MySQL Database Connected!
5/28/2024, 6:31:57 PM:- MySQL Database Connected!
5/28/2024, 6:35:10 PM:- MySQL Database Connected!
5/28/2024, 6:35:34 PM:- MySQL Database Connected!
5/28/2024, 6:35:39 PM:- MySQL Database Connected!
5/28/2024, 6:35:43 PM:- MySQL Database Connected!
5/28/2024, 6:38:20 PM:- MySQL Database Connected!
5/28/2024, 6:38:29 PM:- MySQL Database Connected!
5/28/2024, 6:38:38 PM:- MySQL Database Connected!
5/28/2024, 6:38:46 PM:- MySQL Database Connected!
5/28/2024, 6:38:59 PM:- MySQL Database Connected!
5/28/2024, 6:39:09 PM:- MySQL Database Connected!
5/28/2024, 6:39:09 PM:- Using Properties.
5/28/2024, 6:39:09 PM:- Found the Database KP45193.
5/28/2024, 6:39:09 PM:- Using KP45193.
5/28/2024, 6:39:09 PM:- User Found with the Mathching username KP45.
5/28/2024, 6:39:09 PM:- Using KP45193.
5/28/2024, 6:39:09 PM:- verification code: 266834 stored.
5/28/2024, 6:39:09 PM:- Using KP45193.
5/28/2024, 6:39:09 PM:- User Verified Code.
5/28/2024, 6:40:11 PM:- MySQL Database Connected!
5/28/2024, 6:40:22 PM:- MySQL Database Connected!
5/28/2024, 6:40:43 PM:- MySQL Database Connected!
5/28/2024, 6:40:49 PM:- MySQL Database Connected!
5/28/2024, 6:41:02 PM:- MySQL Database Connected!
5/28/2024, 6:41:59 PM:- MySQL Database Connected!
5/28/2024, 6:42:12 PM:- MySQL Database Connected!
5/28/2024, 6:43:05 PM:- MySQL Database Connected!
5/28/2024, 6:43:36 PM:- MySQL Database Connected!
5/28/2024, 6:43:38 PM:- MySQL Database Connected!
5/28/2024, 6:44:52 PM:- MySQL Database Connected!
5/28/2024, 6:45:36 PM:- MySQL Database Connected!
5/28/2024, 6:46:24 PM:- MySQL Database Connected!
5/28/2024, 6:46:34 PM:- MySQL Database Connected!
5/28/2024, 6:46:38 PM:- MySQL Database Connected!
5/28/2024, 6:46:45 PM:- MySQL Database Connected!
5/28/2024, 6:47:00 PM:- MySQL Database Connected!
5/28/2024, 6:47:14 PM:- MySQL Database Connected!
5/28/2024, 6:47:19 PM:- MySQL Database Connected!
5/28/2024, 6:47:35 PM:- MySQL Database Connected!
5/28/2024, 6:48:23 PM:- MySQL Database Connected!
5/28/2024, 6:48:27 PM:- MySQL Database Connected!
5/28/2024, 6:48:50 PM:- MySQL Database Connected!
5/28/2024, 6:49:09 PM:- MySQL Database Connected!
5/28/2024, 6:50:08 PM:- MySQL Database Connected!
5/28/2024, 6:50:19 PM:- MySQL Database Connected!
5/28/2024, 6:50:23 PM:- MySQL Database Connected!
5/28/2024, 6:50:26 PM:- MySQL Database Connected!
5/28/2024, 6:50:47 PM:- MySQL Database Connected!
5/28/2024, 6:51:15 PM:- MySQL Database Connected!
5/28/2024, 6:51:15 PM:- Using Properties.
5/28/2024, 6:51:15 PM:- Found the Database KP45193.
5/28/2024, 6:51:41 PM:- MySQL Database Connected!
5/28/2024, 6:51:41 PM:- Using Properties.
5/28/2024, 6:51:41 PM:- Found the Database KP45193.
5/28/2024, 6:52:20 PM:- MySQL Database Connected!
5/28/2024, 6:52:27 PM:- MySQL Database Connected!
5/28/2024, 6:52:27 PM:- Using Properties.
5/28/2024, 6:52:27 PM:- Found the Database KP45193.
5/28/2024, 6:52:49 PM:- MySQL Database Connected!
5/28/2024, 6:52:59 PM:- MySQL Database Connected!
5/28/2024, 6:52:59 PM:- Using Properties.
5/28/2024, 6:52:59 PM:- Found the Database KP45193.
5/28/2024, 6:53:23 PM:- MySQL Database Connected!
5/28/2024, 6:53:36 PM:- MySQL Database Connected!
5/28/2024, 6:53:44 PM:- MySQL Database Connected!
5/28/2024, 6:54:00 PM:- MySQL Database Connected!
5/28/2024, 6:54:02 PM:- MySQL Database Connected!
5/28/2024, 6:54:02 PM:- Using Properties.
5/28/2024, 6:54:02 PM:- Found the Database KP45193.
5/28/2024, 6:54:02 PM:- Error querying use database undefined.
5/28/2024, 6:54:20 PM:- MySQL Database Connected!
5/28/2024, 6:54:20 PM:- Using Properties.
5/28/2024, 6:54:20 PM:- Found the Database KP45193.
5/28/2024, 6:54:20 PM:- Error querying use database undefined.
5/28/2024, 6:54:34 PM:- MySQL Database Connected!
5/28/2024, 6:54:34 PM:- Using Properties.
5/28/2024, 6:54:34 PM:- Found the Database KP45193.
5/28/2024, 6:54:34 PM:- Error querying use database undefined.
5/28/2024, 6:54:49 PM:- MySQL Database Connected!
5/28/2024, 6:54:49 PM:- Using Properties.
5/28/2024, 6:54:49 PM:- Found the Database KP45193.
5/28/2024, 6:54:49 PM:- Error querying use database undefined.
5/28/2024, 6:55:07 PM:- MySQL Database Connected!
5/28/2024, 6:55:44 PM:- MySQL Database Connected!
5/28/2024, 6:55:49 PM:- MySQL Database Connected!
5/28/2024, 6:55:49 PM:- Using Properties.
5/28/2024, 6:55:49 PM:- Found the Database KP45193.
5/28/2024, 6:56:13 PM:- MySQL Database Connected!
5/28/2024, 6:56:13 PM:- Using Properties.
5/28/2024, 6:56:13 PM:- Found the Database KP45193.
5/28/2024, 6:56:32 PM:- MySQL Database Connected!
5/28/2024, 6:56:48 PM:- MySQL Database Connected!
5/28/2024, 6:56:56 PM:- MySQL Database Connected!
5/28/2024, 6:56:56 PM:- Using Properties.
5/28/2024, 6:56:56 PM:- Found the Database KP45193.
5/28/2024, 6:56:57 PM:- Using KP45193}.
5/28/2024, 6:57:13 PM:- MySQL Database Connected!
5/28/2024, 6:59:13 PM:- MySQL Database Connected!
5/28/2024, 6:59:40 PM:- MySQL Database Connected!
5/28/2024, 6:59:49 PM:- MySQL Database Connected!
5/28/2024, 6:59:57 PM:- MySQL Database Connected!
5/28/2024, 7:00:01 PM:- MySQL Database Connected!
5/28/2024, 7:00:04 PM:- MySQL Database Connected!
5/28/2024, 7:00:48 PM:- MySQL Database Connected!
5/28/2024, 7:00:56 PM:- MySQL Database Connected!
5/28/2024, 7:01:21 PM:- MySQL Database Connected!
5/28/2024, 7:01:28 PM:- MySQL Database Connected!
5/28/2024, 7:01:37 PM:- MySQL Database Connected!
5/28/2024, 7:01:46 PM:- MySQL Database Connected!
5/28/2024, 7:01:56 PM:- MySQL Database Connected!
5/28/2024, 7:02:07 PM:- MySQL Database Connected!
5/28/2024, 7:02:11 PM:- MySQL Database Connected!
5/28/2024, 7:02:25 PM:- MySQL Database Connected!
5/28/2024, 7:02:25 PM:- Using Properties.
5/28/2024, 7:02:25 PM:- Found the Database KP45193.
5/28/2024, 7:02:25 PM:- Using KP45193.
5/28/2024, 7:02:25 PM:- Error Updateing the Password.
5/28/2024, 7:05:05 PM:- MySQL Database Connected!
5/28/2024, 7:05:05 PM:- Using Properties.
5/28/2024, 7:05:05 PM:- Found the Database KP45193.
5/28/2024, 7:05:05 PM:- Using KP45193.
5/28/2024, 7:05:25 PM:- MySQL Database Connected!
5/28/2024, 7:05:26 PM:- Using KP45193.
5/28/2024, 7:05:40 PM:- MySQL Database Connected!
5/28/2024, 7:05:59 PM:- MySQL Database Connected!
5/28/2024, 7:06:06 PM:- MySQL Database Connected!
5/28/2024, 7:06:10 PM:- MySQL Database Connected!
5/28/2024, 7:06:20 PM:- MySQL Database Connected!
5/28/2024, 7:06:23 PM:- MySQL Database Connected!
5/28/2024, 7:06:39 PM:- MySQL Database Connected!
5/28/2024, 7:06:53 PM:- MySQL Database Connected!
5/28/2024, 7:07:14 PM:- MySQL Database Connected!
5/28/2024, 7:07:22 PM:- MySQL Database Connected!
5/28/2024, 7:07:22 PM:- Using Properties.
5/28/2024, 7:07:22 PM:- Found the Database KP45193.
5/28/2024, 7:07:22 PM:- Using KP45193.
5/28/2024, 7:07:22 PM:- User KP45's Password Updated.
5/28/2024, 7:07:22 PM:- Using Properties.
5/28/2024, 7:07:22 PM:- Found the Database KP45193.
5/28/2024, 7:07:22 PM:- Using KP45193.
5/28/2024, 7:07:22 PM:- Invalid User.
5/28/2024, 7:07:22 PM:- Using Properties.
5/28/2024, 7:07:22 PM:- Found the Database KP45193.
5/28/2024, 7:07:22 PM:- Using KP45193.
5/28/2024, 7:07:22 PM:- User KP45 logged in.
5/28/2024, 7:08:53 PM:- MySQL Database Connected!
5/28/2024, 7:08:57 PM:- MySQL Database Connected!
5/28/2024, 7:08:57 PM:- Using Properties.
5/28/2024, 7:08:57 PM:- Found the Database KP45193.
5/28/2024, 7:08:57 PM:- Using KP45193.
5/28/2024, 7:08:57 PM:- User Found with the Mathching username KP45.
5/28/2024, 7:08:57 PM:- Using KP45193.
5/28/2024, 7:08:57 PM:- verification code: 403636 stored.
5/28/2024, 7:08:57 PM:- Using KP45193.
5/28/2024, 7:08:57 PM:- User Verified Code.
5/28/2024, 7:08:57 PM:- Using Properties.
5/28/2024, 7:08:57 PM:- Found the Database KP45193.
5/28/2024, 7:08:57 PM:- Using KP45193.
5/28/2024, 7:08:57 PM:- User KP45's Password Updated.
5/28/2024, 7:10:47 PM:- MySQL Database Connected!
5/28/2024, 7:10:55 PM:- MySQL Database Connected!
5/28/2024, 7:10:58 PM:- MySQL Database Connected!
5/28/2024, 7:11:09 PM:- MySQL Database Connected!
5/28/2024, 7:11:22 PM:- MySQL Database Connected!
5/28/2024, 7:11:22 PM:- Using Properties.
5/28/2024, 7:11:22 PM:- Found the Database KP45193.
5/28/2024, 7:11:22 PM:- Using KP45193.
5/28/2024, 7:11:22 PM:- Using Properties.
5/28/2024, 7:11:22 PM:- Found the Database KP45193.
5/28/2024, 7:11:22 PM:- Using KP45193.
5/28/2024, 7:11:22 PM:- User Found with the Mathching username KP45.
5/28/2024, 7:11:22 PM:- Using KP45193.
5/28/2024, 7:11:22 PM:- verification code: 346370 stored.
5/28/2024, 7:11:22 PM:- Using KP45193.
5/28/2024, 7:11:22 PM:- User Verified Code.
5/28/2024, 7:11:22 PM:- Using Properties.
5/28/2024, 7:11:22 PM:- Found the Database KP45193.
5/28/2024, 7:11:22 PM:- Using KP45193.
5/28/2024, 7:11:22 PM:- User KP45's Password Updated.
5/28/2024, 7:12:38 PM:- MySQL Database Connected!
5/28/2024, 7:12:42 PM:- MySQL Database Connected!
5/28/2024, 7:12:47 PM:- MySQL Database Connected!
5/28/2024, 7:12:47 PM:- Using Properties.
5/28/2024, 7:12:47 PM:- Found the Database KP45193.
5/28/2024, 7:12:47 PM:- Using KP45193.
5/28/2024, 7:12:47 PM:- User Found with the Mathching username KP45.
5/28/2024, 7:12:47 PM:- Using KP45193.
5/28/2024, 7:12:47 PM:- verification code: 468905 stored.
5/28/2024, 7:12:47 PM:- Using KP45193.
5/28/2024, 7:12:47 PM:- User Verified Code.
5/28/2024, 7:12:47 PM:- Using Properties.
5/28/2024, 7:12:47 PM:- Found the Database KP45193.
5/28/2024, 7:12:47 PM:- Using KP45193.
5/28/2024, 7:12:47 PM:- User KP45's Password Updated.
5/28/2024, 7:15:10 PM:- MySQL Database Connected!
5/28/2024, 7:15:20 PM:- MySQL Database Connected!
5/28/2024, 7:15:33 PM:- MySQL Database Connected!
5/28/2024, 7:15:33 PM:- Using Properties.
5/28/2024, 7:15:33 PM:- Found the Database KP45193.
5/28/2024, 7:15:34 PM:- Using KP45193.
5/28/2024, 7:15:34 PM:- User Found with the Mathching username KP45.
5/28/2024, 7:15:34 PM:- Using KP45193.
5/28/2024, 7:15:34 PM:- verification code: 186753 stored.
5/28/2024, 7:15:34 PM:- Using KP45193.
5/28/2024, 7:15:34 PM:- User Verified Code.
5/28/2024, 7:15:33 PM:- Using Properties.
5/28/2024, 7:15:33 PM:- Found the Database KP45193.
5/28/2024, 7:15:34 PM:- Using KP45193.
5/28/2024, 7:15:34 PM:- User KP45's Password Updated.
5/28/2024, 7:16:30 PM:- MySQL Database Connected!
5/28/2024, 7:16:30 PM:- Using Properties.
5/28/2024, 7:16:30 PM:- Found the Database KP45193.
5/28/2024, 7:16:30 PM:-User Created. Data Inserted to table KP45193.
5/28/2024, 7:16:30 PM:- Using Properties.
5/28/2024, 7:16:30 PM:- Found the Database KP45193.
5/28/2024, 7:16:30 PM:- Using KP45193.
5/28/2024, 7:16:30 PM:- User sam45 logged in.
5/28/2024, 7:16:30 PM:- Using Properties.
5/28/2024, 7:16:30 PM:- Found the Database KP45193.
5/28/2024, 7:16:30 PM:- Using KP45193.
5/28/2024, 7:16:30 PM:- User Found with the Mathching username sam45.
5/28/2024, 7:16:30 PM:- Using KP45193.
5/28/2024, 7:16:30 PM:- verification code: 253103 stored.
5/28/2024, 7:16:30 PM:- Using KP45193.
5/28/2024, 7:16:30 PM:- User Verified Code.
5/28/2024, 7:16:30 PM:- Using Properties.
5/28/2024, 7:16:30 PM:- Found the Database KP45193.
5/28/2024, 7:16:30 PM:- Using KP45193.
5/28/2024, 7:16:30 PM:- User sam45's Password Updated.
5/28/2024, 7:16:30 PM:- Using Properties.
5/28/2024, 7:16:30 PM:- Found the Database KP45193.
5/28/2024, 7:16:30 PM:- Using KP45193.
5/28/2024, 7:16:30 PM:- Invalid User.
5/28/2024, 7:16:30 PM:- Using Properties.
5/28/2024, 7:16:30 PM:- Found the Database KP45193.
5/28/2024, 7:16:30 PM:- Using KP45193.
5/28/2024, 7:16:30 PM:- User sam45 logged in.
5/28/2024, 8:26:42 PM:- MySQL Database Connected!
5/28/2024, 8:27:18 PM:- MySQL Database Connected!
5/28/2024, 8:27:18 PM:- Using Properties.
5/28/2024, 8:27:18 PM:- Found the Database KP45193.
5/28/2024, 8:27:19 PM:- Using KP45193.
5/28/2024, 8:27:19 PM:- User KP45 logged in.
5/28/2024, 9:22:37 PM:- MySQL Database Connected!
5/28/2024, 9:22:49 PM:- MySQL Database Connected!
5/28/2024, 9:22:52 PM:- MySQL Database Connected!
5/28/2024, 9:23:21 PM:- MySQL Database Connected!
5/28/2024, 9:23:45 PM:- MySQL Database Connected!
5/28/2024, 9:23:45 PM:- Using Properties.
5/28/2024, 9:23:45 PM:- Found the Database KP45193.
5/28/2024, 9:23:45 PM:- Using KP45193.
5/28/2024, 9:23:45 PM:- User sam45 logged in.
5/28/2024, 9:24:41 PM:- MySQL Database Connected!
5/28/2024, 9:24:55 PM:- MySQL Database Connected!
5/28/2024, 9:24:59 PM:- MySQL Database Connected!
5/28/2024, 9:24:59 PM:- Using Properties.
5/28/2024, 9:24:59 PM:- Found the Database KP45193.
5/28/2024, 9:24:59 PM:- Using KP45193.
5/28/2024, 9:24:59 PM:- User KP45 logged in.
5/28/2024, 9:25:26 PM:- MySQL Database Connected!
5/28/2024, 9:26:46 PM:- MySQL Database Connected!
5/28/2024, 9:26:46 PM:- Using Properties.
5/28/2024, 9:26:46 PM:- Found the Database KP45193.
5/28/2024, 9:26:46 PM:- Using KP45193.
5/28/2024, 9:26:46 PM:- Invalid User.
5/28/2024, 9:26:46 PM:- Using Properties.
5/28/2024, 9:26:46 PM:- Found the Database KP45193.
5/28/2024, 9:26:46 PM:- Using KP45193.
5/28/2024, 9:26:46 PM:- User KP45 logged in.
5/28/2024, 9:30:16 PM:- MySQL Database Connected!
5/28/2024, 9:30:16 PM:- Using Properties.
5/28/2024, 9:30:16 PM:- Found the Database KP45193.
5/28/2024, 9:30:16 PM:- Using KP45193.
5/28/2024, 9:30:16 PM:- User KP45 logged in.
5/28/2024, 9:31:44 PM:- MySQL Database Connected!
5/28/2024, 9:31:44 PM:- Using Properties.
5/28/2024, 9:31:44 PM:- Found the Database KP45193.
5/28/2024, 9:31:44 PM:- Using KP45193.
5/28/2024, 9:31:44 PM:- User KP45 logged in.
5/28/2024, 9:33:02 PM:- MySQL Database Connected!
5/28/2024, 9:33:02 PM:- Using Properties.
5/28/2024, 9:33:02 PM:- Found the Database KP45193.
5/28/2024, 9:33:02 PM:- Using KP45193.
5/28/2024, 9:33:02 PM:- User KP45 logged in.
5/28/2024, 9:33:47 PM:- MySQL Database Connected!
5/28/2024, 9:34:23 PM:- MySQL Database Connected!
5/28/2024, 9:35:02 PM:- MySQL Database Connected!
5/28/2024, 9:35:06 PM:- MySQL Database Connected!
5/28/2024, 9:35:17 PM:- MySQL Database Connected!
5/28/2024, 9:35:17 PM:- Using Properties.
5/28/2024, 9:35:17 PM:- Found the Database KP45193.
5/28/2024, 9:35:17 PM:- Using KP45193.
5/28/2024, 9:35:17 PM:- User KP45 logged in.
5/28/2024, 9:35:49 PM:- MySQL Database Connected!
5/28/2024, 9:35:49 PM:- Using Properties.
5/28/2024, 9:35:49 PM:- Found the Database KP45193.
5/28/2024, 9:35:49 PM:- Using KP45193.
5/28/2024, 9:35:49 PM:- User KP45 logged in.
5/28/2024, 9:37:10 PM:- MySQL Database Connected!
5/28/2024, 9:37:28 PM:- MySQL Database Connected!
5/28/2024, 9:37:32 PM:- MySQL Database Connected!
5/28/2024, 9:37:59 PM:- MySQL Database Connected!
5/28/2024, 9:38:16 PM:- MySQL Database Connected!
5/28/2024, 9:38:31 PM:- MySQL Database Connected!
5/28/2024, 9:38:38 PM:- MySQL Database Connected!
5/28/2024, 9:38:51 PM:- MySQL Database Connected!
5/28/2024, 9:39:17 PM:- MySQL Database Connected!
5/28/2024, 9:39:33 PM:- MySQL Database Connected!
5/28/2024, 9:39:37 PM:- MySQL Database Connected!
5/28/2024, 9:40:09 PM:- MySQL Database Connected!
5/28/2024, 9:40:21 PM:- MySQL Database Connected!
5/28/2024, 9:40:35 PM:- MySQL Database Connected!
5/28/2024, 9:40:47 PM:- MySQL Database Connected!
5/28/2024, 9:40:52 PM:- MySQL Database Connected!
